<?xml version="1.0" encoding="utf-8"?><testsuites name="pytest tests"><testsuite name="pytest" errors="0" failures="1" skipped="0" tests="13" time="4.597" timestamp="2026-02-28T07:20:10.063530+00:00" hostname="agent-env-7fcb7a70-a55b-49a7-983d-28a28803f57c"><testcase classname="tests.test_realtime_api.TestRealtimeAPI" name="test_realtime_session_endpoint" time="0.327" /><testcase classname="tests.test_realtime_api.TestRealtimeAPI" name="test_realtime_session_returns_valid_expiry" time="0.311" /><testcase classname="tests.test_realtime_api.TestExistingAPIs" name="test_root_endpoint" time="0.111" /><testcase classname="tests.test_realtime_api.TestExistingAPIs" name="test_get_inspections" time="0.101" /><testcase classname="tests.test_realtime_api.TestExistingAPIs" name="test_get_single_inspection" time="0.106" /><testcase classname="tests.test_realtime_api.TestExistingAPIs" name="test_get_analytics" time="0.118" /><testcase classname="tests.test_realtime_api.TestExistingAPIs" name="test_chat_endpoint" time="0.876" /><testcase classname="tests.test_realtime_api.TestExistingAPIs" name="test_create_inspection" time="0.099" /><testcase classname="tests.test_realtime_api.TestExistingAPIs" name="test_finish_inspection" time="0.118" /><testcase classname="tests.test_realtime_api.TestAIEndpoints" name="test_vision_analyze_endpoint_exists" time="1.046" /><testcase classname="tests.test_realtime_api.TestAIEndpoints" name="test_tts_endpoint" time="1.069"><failure message="assert 500 == 200&#10; +  where 500 = &lt;Response [500]&gt;.status_code">tests/test_realtime_api.py:187: in test_tts_endpoint
    assert response.status_code == 200
E   assert 500 == 200
E    +  where 500 = &lt;Response [500]&gt;.status_code</failure></testcase><testcase classname="tests.test_realtime_api.TestMediaEndpoints" name="test_upload_media" time="0.126" /><testcase classname="tests.test_realtime_api.TestMediaEndpoints" name="test_get_inspection_media" time="0.107" /></testsuite></testsuites>